11-Aug-2023 11:12:36.999 INFO [main] org.apache.catalina.startup.VersionLoggerListener.log Server version name:   Apache Tomcat/8.5.91
11-Aug-2023 11:12:37.002 INFO [main] org.apache.catalina.startup.VersionLoggerListener.log Server built:          Jul 6 2023 14:43:48 UTC
11-Aug-2023 11:12:37.003 INFO [main] org.apache.catalina.startup.VersionLoggerListener.log Server version number: 8.5.91.0
11-Aug-2023 11:12:37.003 INFO [main] org.apache.catalina.startup.VersionLoggerListener.log OS Name:               Windows 10
11-Aug-2023 11:12:37.003 INFO [main] org.apache.catalina.startup.VersionLoggerListener.log OS Version:            10.0
11-Aug-2023 11:12:37.003 INFO [main] org.apache.catalina.startup.VersionLoggerListener.log Architecture:          amd64
11-Aug-2023 11:12:37.003 INFO [main] org.apache.catalina.startup.VersionLoggerListener.log Java Home:             C:\Program Files\Java\jdk-18.0.1.1
11-Aug-2023 11:12:37.003 INFO [main] org.apache.catalina.startup.VersionLoggerListener.log JVM Version:           18.0.1.1+2-6
11-Aug-2023 11:12:37.003 INFO [main] org.apache.catalina.startup.VersionLoggerListener.log JVM Vendor:            Oracle Corporation
11-Aug-2023 11:12:37.004 INFO [main] org.apache.catalina.startup.VersionLoggerListener.log CATALINA_BASE:         C:\Users\marcos.vcrosa\Documents\GitHub\ArquiteturaSistemas\apache-tomcat-8.5.91\apache-tomcat-8.5.91
11-Aug-2023 11:12:37.004 INFO [main] org.apache.catalina.startup.VersionLoggerListener.log CATALINA_HOME:         C:\Users\marcos.vcrosa\Documents\GitHub\ArquiteturaSistemas\apache-tomcat-8.5.91\apache-tomcat-8.5.91
11-Aug-2023 11:12:37.005 INFO [main] org.apache.catalina.startup.VersionLoggerListener.log Command line argument: --add-opens=java.base/java.lang=ALL-UNNAMED
11-Aug-2023 11:12:37.005 INFO [main] org.apache.catalina.startup.VersionLoggerListener.log Command line argument: --add-opens=java.base/java.io=ALL-UNNAMED
11-Aug-2023 11:12:37.005 INFO [main] org.apache.catalina.startup.VersionLoggerListener.log Command line argument: --add-opens=java.base/java.util=ALL-UNNAMED
11-Aug-2023 11:12:37.005 INFO [main] org.apache.catalina.startup.VersionLoggerListener.log Command line argument: --add-opens=java.base/java.util.concurrent=ALL-UNNAMED
11-Aug-2023 11:12:37.005 INFO [main] org.apache.catalina.startup.VersionLoggerListener.log Command line argument: --add-opens=java.rmi/sun.rmi.transport=ALL-UNNAMED
11-Aug-2023 11:12:37.006 INFO [main] org.apache.catalina.startup.VersionLoggerListener.log Command line argument: -Djava.util.logging.config.file=C:\Users\marcos.vcrosa\Documents\GitHub\ArquiteturaSistemas\apache-tomcat-8.5.91\apache-tomcat-8.5.91\conf\logging.properties
11-Aug-2023 11:12:37.006 INFO [main] org.apache.catalina.startup.VersionLoggerListener.log Command line argument: -Djava.util.logging.manager=org.apache.juli.ClassLoaderLogManager
11-Aug-2023 11:12:37.006 INFO [main] org.apache.catalina.startup.VersionLoggerListener.log Command line argument: -Dhttp.nonProxyHosts=localhost|127.0.0.1|CAS576132E169D
11-Aug-2023 11:12:37.006 INFO [main] org.apache.catalina.startup.VersionLoggerListener.log Command line argument: -Djdk.tls.ephemeralDHKeySize=2048
11-Aug-2023 11:12:37.006 INFO [main] org.apache.catalina.startup.VersionLoggerListener.log Command line argument: -Djava.protocol.handler.pkgs=org.apache.catalina.webresources
11-Aug-2023 11:12:37.006 INFO [main] org.apache.catalina.startup.VersionLoggerListener.log Command line argument: -Dignore.endorsed.dirs=
11-Aug-2023 11:12:37.006 INFO [main] org.apache.catalina.startup.VersionLoggerListener.log Command line argument: -Dcatalina.base=C:\Users\marcos.vcrosa\Documents\GitHub\ArquiteturaSistemas\apache-tomcat-8.5.91\apache-tomcat-8.5.91
11-Aug-2023 11:12:37.006 INFO [main] org.apache.catalina.startup.VersionLoggerListener.log Command line argument: -Dcatalina.home=C:\Users\marcos.vcrosa\Documents\GitHub\ArquiteturaSistemas\apache-tomcat-8.5.91\apache-tomcat-8.5.91
11-Aug-2023 11:12:37.006 INFO [main] org.apache.catalina.startup.VersionLoggerListener.log Command line argument: -Djava.io.tmpdir=C:\Users\marcos.vcrosa\Documents\GitHub\ArquiteturaSistemas\apache-tomcat-8.5.91\apache-tomcat-8.5.91\temp
11-Aug-2023 11:12:37.093 INFO [main] org.apache.catalina.core.AprLifecycleListener.lifecycleEvent The Apache Tomcat Native library which allows using OpenSSL was not found on the java.library.path: [C:\Program Files\Java\jdk-18.0.1.1\bin;C:\Windows\Sun\Java\bin;C:\Windows\system32;C:\Windows;C:\Program Files\Eclipse Adoptium\jre-8.0.332.9-hotspot\bin;C:\Program Files\Eclipse Adoptium\jre-17.0.3.7-hotspot\bin;C:\Program Files\Eclipse Adoptium\jre-11.0.15.10-hotspot\bin;C:\Program Files\Python310\Scripts\;C:\Program Files\Python310\;C:\Program Files\Common Files\Oracle\Java\javapath;C:\Program Files (x86)\Common Files\Oracle\Java\javapath;C:\Program Files\Eclipse Adoptium\jdk-11.0.15.10-hotspot\bin;C:\Program Files\Eclipse Adoptium\jdk-17.0.3.7-hotspot\bin;C:\Program Files\Eclipse Adoptium\jdk-8.0.332.9-hotspot\bin;C:\Windows\system32;C:\Windows;C:\Windows\System32\Wbem;C:\Windows\System32\WindowsPowerShell\v1.0\;C:\Windows\System32\OpenSSH\;C:\Program Files\Git\cmd;C:\Program Files\nodejs\;C:\ProgramData\chocolatey\bin;C:\xampp\php;C:\composer;C:\Program Files\Docker\Docker\resources\bin;C:\Users\marcos.vcrosa\AppData\Local\Microsoft\WindowsApps;C:\Users\marcos.vcrosa\AppData\Local\Programs\Microsoft VS Code\bin;C:\Users\marcos.vcrosa\AppData\Local\GitHubDesktop\bin;.]
11-Aug-2023 11:12:37.145 INFO [main] org.apache.coyote.AbstractProtocol.init Initializing ProtocolHandler ["http-nio-8080"]
11-Aug-2023 11:12:37.179 INFO [main] org.apache.catalina.startup.Catalina.load Initialization processed in 1004 ms
11-Aug-2023 11:12:37.251 INFO [main] org.apache.catalina.core.StandardService.startInternal Starting service [Catalina]
11-Aug-2023 11:12:37.252 INFO [main] org.apache.catalina.core.StandardEngine.startInternal Starting Servlet engine: [Apache Tomcat/8.5.91]
11-Aug-2023 11:12:37.314 INFO [localhost-startStop-1] org.apache.catalina.startup.HostConfig.deployDirectory Deploying web application directory [C:\Users\marcos.vcrosa\Documents\GitHub\ArquiteturaSistemas\apache-tomcat-8.5.91\apache-tomcat-8.5.91\webapps\docs]
11-Aug-2023 11:12:37.847 INFO [localhost-startStop-1] org.apache.catalina.startup.HostConfig.deployDirectory Deployment of web application directory [C:\Users\marcos.vcrosa\Documents\GitHub\ArquiteturaSistemas\apache-tomcat-8.5.91\apache-tomcat-8.5.91\webapps\docs] has finished in [532] ms
11-Aug-2023 11:12:37.847 INFO [localhost-startStop-1] org.apache.catalina.startup.HostConfig.deployDirectory Deploying web application directory [C:\Users\marcos.vcrosa\Documents\GitHub\ArquiteturaSistemas\apache-tomcat-8.5.91\apache-tomcat-8.5.91\webapps\examples]
11-Aug-2023 11:12:40.556 INFO [localhost-startStop-1] org.apache.catalina.startup.HostConfig.deployDirectory Deployment of web application directory [C:\Users\marcos.vcrosa\Documents\GitHub\ArquiteturaSistemas\apache-tomcat-8.5.91\apache-tomcat-8.5.91\webapps\examples] has finished in [2,708] ms
11-Aug-2023 11:12:40.556 INFO [localhost-startStop-1] org.apache.catalina.startup.HostConfig.deployDirectory Deploying web application directory [C:\Users\marcos.vcrosa\Documents\GitHub\ArquiteturaSistemas\apache-tomcat-8.5.91\apache-tomcat-8.5.91\webapps\host-manager]
11-Aug-2023 11:12:40.727 INFO [localhost-startStop-1] org.apache.catalina.startup.HostConfig.deployDirectory Deployment of web application directory [C:\Users\marcos.vcrosa\Documents\GitHub\ArquiteturaSistemas\apache-tomcat-8.5.91\apache-tomcat-8.5.91\webapps\host-manager] has finished in [171] ms
11-Aug-2023 11:12:40.727 INFO [localhost-startStop-1] org.apache.catalina.startup.HostConfig.deployDirectory Deploying web application directory [C:\Users\marcos.vcrosa\Documents\GitHub\ArquiteturaSistemas\apache-tomcat-8.5.91\apache-tomcat-8.5.91\webapps\manager]
11-Aug-2023 11:12:40.903 INFO [localhost-startStop-1] org.apache.catalina.startup.HostConfig.deployDirectory Deployment of web application directory [C:\Users\marcos.vcrosa\Documents\GitHub\ArquiteturaSistemas\apache-tomcat-8.5.91\apache-tomcat-8.5.91\webapps\manager] has finished in [176] ms
11-Aug-2023 11:12:40.903 INFO [localhost-startStop-1] org.apache.catalina.startup.HostConfig.deployDirectory Deploying web application directory [C:\Users\marcos.vcrosa\Documents\GitHub\ArquiteturaSistemas\apache-tomcat-8.5.91\apache-tomcat-8.5.91\webapps\ROOT]
11-Aug-2023 11:12:40.964 INFO [localhost-startStop-1] org.apache.catalina.startup.HostConfig.deployDirectory Deployment of web application directory [C:\Users\marcos.vcrosa\Documents\GitHub\ArquiteturaSistemas\apache-tomcat-8.5.91\apache-tomcat-8.5.91\webapps\ROOT] has finished in [60] ms
11-Aug-2023 11:12:40.967 INFO [main] org.apache.coyote.AbstractProtocol.start Starting ProtocolHandler ["http-nio-8080"]
11-Aug-2023 11:12:41.035 INFO [main] org.apache.catalina.startup.Catalina.start Server startup in 3853 ms
11-Aug-2023 11:12:47.684 INFO [http-nio-8080-exec-10] org.apache.catalina.startup.HostConfig.deployDescriptor Deploying deployment descriptor [C:\Users\marcos.vcrosa\Documents\GitHub\ArquiteturaSistemas\apache-tomcat-8.5.91\apache-tomcat-8.5.91\conf\Catalina\localhost\WebApplication1.xml]
11-Aug-2023 11:12:47.733 INFO [http-nio-8080-exec-10] org.apache.catalina.startup.HostConfig.deployDescriptor Deployment of deployment descriptor [C:\Users\marcos.vcrosa\Documents\GitHub\ArquiteturaSistemas\apache-tomcat-8.5.91\apache-tomcat-8.5.91\conf\Catalina\localhost\WebApplication1.xml] has finished in [48] ms
11-Aug-2023 11:12:47.738 INFO [http-nio-8080-exec-3] org.apache.catalina.util.LifecycleBase.start The start() method was called on component [StandardEngine[Catalina].StandardHost[localhost].StandardContext[/WebApplication1]] after start() had already been called. The second call will be ignored.
11-Aug-2023 11:13:25.749 INFO [http-nio-8080-exec-5] org.apache.catalina.core.StandardContext.reload Reloading Context with name [/WebApplication1] has started
11-Aug-2023 11:13:26.340 INFO [http-nio-8080-exec-5] org.apache.jasper.servlet.TldScanner.scanJars At least one JAR was scanned for TLDs yet contained no TLDs. Enable debug logging for this logger for a complete list of JARs that were scanned but no TLDs were found in them. Skipping unneeded JARs during scanning can improve startup time and JSP compilation time.
11-Aug-2023 11:13:26.343 INFO [http-nio-8080-exec-5] org.apache.catalina.core.StandardContext.reload Reloading Context with name [/WebApplication1] is completed
11-Aug-2023 11:14:24.281 INFO [http-nio-8080-exec-13] org.apache.catalina.core.StandardContext.reload Reloading Context with name [/WebApplication1] has started
11-Aug-2023 11:14:24.777 INFO [http-nio-8080-exec-13] org.apache.jasper.servlet.TldScanner.scanJars At least one JAR was scanned for TLDs yet contained no TLDs. Enable debug logging for this logger for a complete list of JARs that were scanned but no TLDs were found in them. Skipping unneeded JARs during scanning can improve startup time and JSP compilation time.
11-Aug-2023 11:14:24.781 INFO [http-nio-8080-exec-13] org.apache.catalina.core.StandardContext.reload Reloading Context with name [/WebApplication1] is completed
11-Aug-2023 11:21:43.923 INFO [main] org.apache.catalina.core.StandardServer.await A valid shutdown command was received via the shutdown port. Stopping the Server instance.
11-Aug-2023 11:21:43.924 INFO [main] org.apache.coyote.AbstractProtocol.pause Pausing ProtocolHandler ["http-nio-8080"]
11-Aug-2023 11:21:43.941 INFO [main] org.apache.catalina.core.StandardService.stopInternal Stopping service [Catalina]
11-Aug-2023 11:21:43.962 INFO [main] org.apache.coyote.AbstractProtocol.stop Stopping ProtocolHandler ["http-nio-8080"]
11-Aug-2023 11:21:43.971 INFO [main] org.apache.coyote.AbstractProtocol.destroy Destroying ProtocolHandler ["http-nio-8080"]
