01-Sep-2023 08:20:08.065 INFO [main] org.apache.catalina.startup.VersionLoggerListener.log Server version name:   Apache Tomcat/8.5.91
01-Sep-2023 08:20:08.070 INFO [main] org.apache.catalina.startup.VersionLoggerListener.log Server built:          Jul 6 2023 14:43:48 UTC
01-Sep-2023 08:20:08.099 INFO [main] org.apache.catalina.startup.VersionLoggerListener.log Server version number: 8.5.91.0
01-Sep-2023 08:20:08.100 INFO [main] org.apache.catalina.startup.VersionLoggerListener.log OS Name:               Windows 10
01-Sep-2023 08:20:08.100 INFO [main] org.apache.catalina.startup.VersionLoggerListener.log OS Version:            10.0
01-Sep-2023 08:20:08.100 INFO [main] org.apache.catalina.startup.VersionLoggerListener.log Architecture:          amd64
01-Sep-2023 08:20:08.100 INFO [main] org.apache.catalina.startup.VersionLoggerListener.log Java Home:             C:\Program Files\Java\jdk-18.0.1.1
01-Sep-2023 08:20:08.101 INFO [main] org.apache.catalina.startup.VersionLoggerListener.log JVM Version:           18.0.1.1+2-6
01-Sep-2023 08:20:08.101 INFO [main] org.apache.catalina.startup.VersionLoggerListener.log JVM Vendor:            Oracle Corporation
01-Sep-2023 08:20:08.101 INFO [main] org.apache.catalina.startup.VersionLoggerListener.log CATALINA_BASE:         C:\Users\marcos.vcrosa\Documents\GitHub\ArquiteturaSistemas\apache-tomcat-8.5.91\apache-tomcat-8.5.91
01-Sep-2023 08:20:08.101 INFO [main] org.apache.catalina.startup.VersionLoggerListener.log CATALINA_HOME:         C:\Users\marcos.vcrosa\Documents\GitHub\ArquiteturaSistemas\apache-tomcat-8.5.91\apache-tomcat-8.5.91
01-Sep-2023 08:20:08.102 INFO [main] org.apache.catalina.startup.VersionLoggerListener.log Command line argument: --add-opens=java.base/java.lang=ALL-UNNAMED
01-Sep-2023 08:20:08.102 INFO [main] org.apache.catalina.startup.VersionLoggerListener.log Command line argument: --add-opens=java.base/java.io=ALL-UNNAMED
01-Sep-2023 08:20:08.102 INFO [main] org.apache.catalina.startup.VersionLoggerListener.log Command line argument: --add-opens=java.base/java.util=ALL-UNNAMED
01-Sep-2023 08:20:08.102 INFO [main] org.apache.catalina.startup.VersionLoggerListener.log Command line argument: --add-opens=java.base/java.util.concurrent=ALL-UNNAMED
01-Sep-2023 08:20:08.102 INFO [main] org.apache.catalina.startup.VersionLoggerListener.log Command line argument: --add-opens=java.rmi/sun.rmi.transport=ALL-UNNAMED
01-Sep-2023 08:20:08.102 INFO [main] org.apache.catalina.startup.VersionLoggerListener.log Command line argument: -Djava.util.logging.config.file=C:\Users\marcos.vcrosa\Documents\GitHub\ArquiteturaSistemas\apache-tomcat-8.5.91\apache-tomcat-8.5.91\conf\logging.properties
01-Sep-2023 08:20:08.103 INFO [main] org.apache.catalina.startup.VersionLoggerListener.log Command line argument: -Djava.util.logging.manager=org.apache.juli.ClassLoaderLogManager
01-Sep-2023 08:20:08.103 INFO [main] org.apache.catalina.startup.VersionLoggerListener.log Command line argument: -Dhttp.nonProxyHosts=localhost|127.0.0.1|CAS576131E169D
01-Sep-2023 08:20:08.103 INFO [main] org.apache.catalina.startup.VersionLoggerListener.log Command line argument: -Djdk.tls.ephemeralDHKeySize=2048
01-Sep-2023 08:20:08.103 INFO [main] org.apache.catalina.startup.VersionLoggerListener.log Command line argument: -Djava.protocol.handler.pkgs=org.apache.catalina.webresources
01-Sep-2023 08:20:08.103 INFO [main] org.apache.catalina.startup.VersionLoggerListener.log Command line argument: -Dignore.endorsed.dirs=
01-Sep-2023 08:20:08.103 INFO [main] org.apache.catalina.startup.VersionLoggerListener.log Command line argument: -Dcatalina.base=C:\Users\marcos.vcrosa\Documents\GitHub\ArquiteturaSistemas\apache-tomcat-8.5.91\apache-tomcat-8.5.91
01-Sep-2023 08:20:08.103 INFO [main] org.apache.catalina.startup.VersionLoggerListener.log Command line argument: -Dcatalina.home=C:\Users\marcos.vcrosa\Documents\GitHub\ArquiteturaSistemas\apache-tomcat-8.5.91\apache-tomcat-8.5.91
01-Sep-2023 08:20:08.104 INFO [main] org.apache.catalina.startup.VersionLoggerListener.log Command line argument: -Djava.io.tmpdir=C:\Users\marcos.vcrosa\Documents\GitHub\ArquiteturaSistemas\apache-tomcat-8.5.91\apache-tomcat-8.5.91\temp
01-Sep-2023 08:20:08.213 INFO [main] org.apache.catalina.core.AprLifecycleListener.lifecycleEvent The Apache Tomcat Native library which allows using OpenSSL was not found on the java.library.path: [C:\Program Files\Java\jdk-18.0.1.1\bin;C:\Windows\Sun\Java\bin;C:\Windows\system32;C:\Windows;C:\Program Files\Eclipse Adoptium\jre-8.0.332.9-hotspot\bin;C:\Program Files\Eclipse Adoptium\jre-17.0.3.7-hotspot\bin;C:\Program Files\Eclipse Adoptium\jre-11.0.15.10-hotspot\bin;C:\Program Files\Python310\Scripts\;C:\Program Files\Python310\;C:\Program Files\Common Files\Oracle\Java\javapath;C:\Program Files (x86)\Common Files\Oracle\Java\javapath;C:\Program Files\Eclipse Adoptium\jdk-11.0.15.10-hotspot\bin;C:\Program Files\Eclipse Adoptium\jdk-17.0.3.7-hotspot\bin;C:\Program Files\Eclipse Adoptium\jdk-8.0.332.9-hotspot\bin;C:\Windows\system32;C:\Windows;C:\Windows\System32\Wbem;C:\Windows\System32\WindowsPowerShell\v1.0\;C:\Windows\System32\OpenSSH\;C:\Program Files\Git\cmd;C:\Program Files\nodejs\;C:\ProgramData\chocolatey\bin;C:\xampp\php;C:\composer;C:\Program Files\Docker\Docker\resources\bin;C:\Users\marcos.vcrosa\AppData\Local\Microsoft\WindowsApps;C:\Users\marcos.vcrosa\AppData\Local\GitHubDesktop\bin;C:\Users\marcos.vcrosa\AppData\Local\Programs\Microsoft VS Code\bin;.]
01-Sep-2023 08:20:08.333 INFO [main] org.apache.coyote.AbstractProtocol.init Initializing ProtocolHandler ["http-nio-8080"]
01-Sep-2023 08:20:08.391 INFO [main] org.apache.catalina.startup.Catalina.load Initialization processed in 1816 ms
01-Sep-2023 08:20:08.941 INFO [main] org.apache.catalina.core.StandardService.startInternal Starting service [Catalina]
01-Sep-2023 08:20:08.941 INFO [main] org.apache.catalina.core.StandardEngine.startInternal Starting Servlet engine: [Apache Tomcat/8.5.91]
01-Sep-2023 08:20:08.963 INFO [localhost-startStop-1] org.apache.catalina.startup.HostConfig.deployDescriptor Deploying deployment descriptor [C:\Users\marcos.vcrosa\Documents\GitHub\ArquiteturaSistemas\apache-tomcat-8.5.91\apache-tomcat-8.5.91\conf\Catalina\localhost\WebApplication1.xml]
01-Sep-2023 08:20:09.682 INFO [localhost-startStop-1] org.apache.catalina.startup.HostConfig.deployDescriptor Deployment of deployment descriptor [C:\Users\marcos.vcrosa\Documents\GitHub\ArquiteturaSistemas\apache-tomcat-8.5.91\apache-tomcat-8.5.91\conf\Catalina\localhost\WebApplication1.xml] has finished in [719] ms
01-Sep-2023 08:20:09.684 INFO [localhost-startStop-1] org.apache.catalina.startup.HostConfig.deployDirectory Deploying web application directory [C:\Users\marcos.vcrosa\Documents\GitHub\ArquiteturaSistemas\apache-tomcat-8.5.91\apache-tomcat-8.5.91\webapps\docs]
01-Sep-2023 08:20:09.845 INFO [localhost-startStop-1] org.apache.catalina.startup.HostConfig.deployDirectory Deployment of web application directory [C:\Users\marcos.vcrosa\Documents\GitHub\ArquiteturaSistemas\apache-tomcat-8.5.91\apache-tomcat-8.5.91\webapps\docs] has finished in [161] ms
01-Sep-2023 08:20:09.845 INFO [localhost-startStop-1] org.apache.catalina.startup.HostConfig.deployDirectory Deploying web application directory [C:\Users\marcos.vcrosa\Documents\GitHub\ArquiteturaSistemas\apache-tomcat-8.5.91\apache-tomcat-8.5.91\webapps\examples]
01-Sep-2023 08:20:14.068 INFO [localhost-startStop-1] org.apache.catalina.startup.HostConfig.deployDirectory Deployment of web application directory [C:\Users\marcos.vcrosa\Documents\GitHub\ArquiteturaSistemas\apache-tomcat-8.5.91\apache-tomcat-8.5.91\webapps\examples] has finished in [4,223] ms
01-Sep-2023 08:20:14.068 INFO [localhost-startStop-1] org.apache.catalina.startup.HostConfig.deployDirectory Deploying web application directory [C:\Users\marcos.vcrosa\Documents\GitHub\ArquiteturaSistemas\apache-tomcat-8.5.91\apache-tomcat-8.5.91\webapps\host-manager]
01-Sep-2023 08:20:14.359 INFO [localhost-startStop-1] org.apache.catalina.startup.HostConfig.deployDirectory Deployment of web application directory [C:\Users\marcos.vcrosa\Documents\GitHub\ArquiteturaSistemas\apache-tomcat-8.5.91\apache-tomcat-8.5.91\webapps\host-manager] has finished in [290] ms
01-Sep-2023 08:20:14.359 INFO [localhost-startStop-1] org.apache.catalina.startup.HostConfig.deployDirectory Deploying web application directory [C:\Users\marcos.vcrosa\Documents\GitHub\ArquiteturaSistemas\apache-tomcat-8.5.91\apache-tomcat-8.5.91\webapps\manager]
01-Sep-2023 08:20:14.542 INFO [localhost-startStop-1] org.apache.catalina.startup.HostConfig.deployDirectory Deployment of web application directory [C:\Users\marcos.vcrosa\Documents\GitHub\ArquiteturaSistemas\apache-tomcat-8.5.91\apache-tomcat-8.5.91\webapps\manager] has finished in [183] ms
01-Sep-2023 08:20:14.543 INFO [localhost-startStop-1] org.apache.catalina.startup.HostConfig.deployDirectory Deploying web application directory [C:\Users\marcos.vcrosa\Documents\GitHub\ArquiteturaSistemas\apache-tomcat-8.5.91\apache-tomcat-8.5.91\webapps\ROOT]
01-Sep-2023 08:20:14.682 INFO [localhost-startStop-1] org.apache.catalina.startup.HostConfig.deployDirectory Deployment of web application directory [C:\Users\marcos.vcrosa\Documents\GitHub\ArquiteturaSistemas\apache-tomcat-8.5.91\apache-tomcat-8.5.91\webapps\ROOT] has finished in [139] ms
01-Sep-2023 08:20:14.686 INFO [main] org.apache.coyote.AbstractProtocol.start Starting ProtocolHandler ["http-nio-8080"]
01-Sep-2023 08:20:15.046 INFO [main] org.apache.catalina.startup.Catalina.start Server startup in 6631 ms
01-Sep-2023 08:21:20.483 INFO [http-nio-8080-exec-2] org.apache.catalina.startup.HostConfig.undeploy Undeploying context [/WebApplication1]
01-Sep-2023 08:21:20.551 INFO [http-nio-8080-exec-1] org.apache.catalina.startup.HostConfig.deployDescriptor Deploying deployment descriptor [C:\Users\marcos.vcrosa\Documents\GitHub\ArquiteturaSistemas\apache-tomcat-8.5.91\apache-tomcat-8.5.91\conf\Catalina\localhost\WebApplication1.xml]
01-Sep-2023 08:21:20.606 INFO [http-nio-8080-exec-1] org.apache.catalina.startup.HostConfig.deployDescriptor Deployment of deployment descriptor [C:\Users\marcos.vcrosa\Documents\GitHub\ArquiteturaSistemas\apache-tomcat-8.5.91\apache-tomcat-8.5.91\conf\Catalina\localhost\WebApplication1.xml] has finished in [55] ms
01-Sep-2023 08:21:20.611 INFO [http-nio-8080-exec-5] org.apache.catalina.util.LifecycleBase.start The start() method was called on component [StandardEngine[Catalina].StandardHost[localhost].StandardContext[/WebApplication1]] after start() had already been called. The second call will be ignored.
01-Sep-2023 08:38:36.227 INFO [http-nio-8080-exec-17] org.apache.catalina.core.StandardContext.reload Reloading Context with name [/WebApplication1] has started
01-Sep-2023 08:38:37.199 INFO [http-nio-8080-exec-17] org.apache.jasper.servlet.TldScanner.scanJars At least one JAR was scanned for TLDs yet contained no TLDs. Enable debug logging for this logger for a complete list of JARs that were scanned but no TLDs were found in them. Skipping unneeded JARs during scanning can improve startup time and JSP compilation time.
01-Sep-2023 08:38:37.204 INFO [http-nio-8080-exec-17] org.apache.catalina.core.StandardContext.reload Reloading Context with name [/WebApplication1] is completed
01-Sep-2023 08:58:36.527 INFO [main] org.apache.catalina.core.StandardServer.await A valid shutdown command was received via the shutdown port. Stopping the Server instance.
01-Sep-2023 08:58:36.568 INFO [main] org.apache.coyote.AbstractProtocol.pause Pausing ProtocolHandler ["http-nio-8080"]
01-Sep-2023 08:58:36.816 INFO [main] org.apache.catalina.core.StandardService.stopInternal Stopping service [Catalina]
01-Sep-2023 08:58:37.031 INFO [main] org.apache.coyote.AbstractProtocol.stop Stopping ProtocolHandler ["http-nio-8080"]
01-Sep-2023 08:58:37.224 INFO [main] org.apache.coyote.AbstractProtocol.destroy Destroying ProtocolHandler ["http-nio-8080"]
01-Sep-2023 11:00:35.841 INFO [main] org.apache.catalina.startup.VersionLoggerListener.log Server version name:   Apache Tomcat/8.5.91
01-Sep-2023 11:00:35.850 INFO [main] org.apache.catalina.startup.VersionLoggerListener.log Server built:          Jul 6 2023 14:43:48 UTC
01-Sep-2023 11:00:35.854 INFO [main] org.apache.catalina.startup.VersionLoggerListener.log Server version number: 8.5.91.0
01-Sep-2023 11:00:35.855 INFO [main] org.apache.catalina.startup.VersionLoggerListener.log OS Name:               Windows 10
01-Sep-2023 11:00:35.855 INFO [main] org.apache.catalina.startup.VersionLoggerListener.log OS Version:            10.0
01-Sep-2023 11:00:35.855 INFO [main] org.apache.catalina.startup.VersionLoggerListener.log Architecture:          amd64
01-Sep-2023 11:00:35.856 INFO [main] org.apache.catalina.startup.VersionLoggerListener.log Java Home:             C:\Program Files\Java\jdk-18.0.1.1
01-Sep-2023 11:00:35.856 INFO [main] org.apache.catalina.startup.VersionLoggerListener.log JVM Version:           18.0.1.1+2-6
01-Sep-2023 11:00:35.856 INFO [main] org.apache.catalina.startup.VersionLoggerListener.log JVM Vendor:            Oracle Corporation
01-Sep-2023 11:00:35.856 INFO [main] org.apache.catalina.startup.VersionLoggerListener.log CATALINA_BASE:         C:\Users\marcos.vcrosa\Documents\GitHub\ArquiteturaSistemas\apache-tomcat-8.5.91\apache-tomcat-8.5.91
01-Sep-2023 11:00:35.856 INFO [main] org.apache.catalina.startup.VersionLoggerListener.log CATALINA_HOME:         C:\Users\marcos.vcrosa\Documents\GitHub\ArquiteturaSistemas\apache-tomcat-8.5.91\apache-tomcat-8.5.91
01-Sep-2023 11:00:35.873 INFO [main] org.apache.catalina.startup.VersionLoggerListener.log Command line argument: --add-opens=java.base/java.lang=ALL-UNNAMED
01-Sep-2023 11:00:35.874 INFO [main] org.apache.catalina.startup.VersionLoggerListener.log Command line argument: --add-opens=java.base/java.io=ALL-UNNAMED
01-Sep-2023 11:00:35.874 INFO [main] org.apache.catalina.startup.VersionLoggerListener.log Command line argument: --add-opens=java.base/java.util=ALL-UNNAMED
01-Sep-2023 11:00:35.874 INFO [main] org.apache.catalina.startup.VersionLoggerListener.log Command line argument: --add-opens=java.base/java.util.concurrent=ALL-UNNAMED
01-Sep-2023 11:00:35.874 INFO [main] org.apache.catalina.startup.VersionLoggerListener.log Command line argument: --add-opens=java.rmi/sun.rmi.transport=ALL-UNNAMED
01-Sep-2023 11:00:35.875 INFO [main] org.apache.catalina.startup.VersionLoggerListener.log Command line argument: -Djava.util.logging.config.file=C:\Users\marcos.vcrosa\Documents\GitHub\ArquiteturaSistemas\apache-tomcat-8.5.91\apache-tomcat-8.5.91\conf\logging.properties
01-Sep-2023 11:00:35.875 INFO [main] org.apache.catalina.startup.VersionLoggerListener.log Command line argument: -Djava.util.logging.manager=org.apache.juli.ClassLoaderLogManager
01-Sep-2023 11:00:35.875 INFO [main] org.apache.catalina.startup.VersionLoggerListener.log Command line argument: -Dhttp.nonProxyHosts=localhost|127.0.0.1|CAS576131E169D
01-Sep-2023 11:00:35.875 INFO [main] org.apache.catalina.startup.VersionLoggerListener.log Command line argument: -Djdk.tls.ephemeralDHKeySize=2048
01-Sep-2023 11:00:35.875 INFO [main] org.apache.catalina.startup.VersionLoggerListener.log Command line argument: -Djava.protocol.handler.pkgs=org.apache.catalina.webresources
01-Sep-2023 11:00:35.875 INFO [main] org.apache.catalina.startup.VersionLoggerListener.log Command line argument: -Dignore.endorsed.dirs=
01-Sep-2023 11:00:35.875 INFO [main] org.apache.catalina.startup.VersionLoggerListener.log Command line argument: -Dcatalina.base=C:\Users\marcos.vcrosa\Documents\GitHub\ArquiteturaSistemas\apache-tomcat-8.5.91\apache-tomcat-8.5.91
01-Sep-2023 11:00:35.875 INFO [main] org.apache.catalina.startup.VersionLoggerListener.log Command line argument: -Dcatalina.home=C:\Users\marcos.vcrosa\Documents\GitHub\ArquiteturaSistemas\apache-tomcat-8.5.91\apache-tomcat-8.5.91
01-Sep-2023 11:00:35.875 INFO [main] org.apache.catalina.startup.VersionLoggerListener.log Command line argument: -Djava.io.tmpdir=C:\Users\marcos.vcrosa\Documents\GitHub\ArquiteturaSistemas\apache-tomcat-8.5.91\apache-tomcat-8.5.91\temp
01-Sep-2023 11:00:35.953 INFO [main] org.apache.catalina.core.AprLifecycleListener.lifecycleEvent The Apache Tomcat Native library which allows using OpenSSL was not found on the java.library.path: [C:\Program Files\Java\jdk-18.0.1.1\bin;C:\Windows\Sun\Java\bin;C:\Windows\system32;C:\Windows;C:\Program Files\Eclipse Adoptium\jre-8.0.332.9-hotspot\bin;C:\Program Files\Eclipse Adoptium\jre-17.0.3.7-hotspot\bin;C:\Program Files\Eclipse Adoptium\jre-11.0.15.10-hotspot\bin;C:\Program Files\Python310\Scripts\;C:\Program Files\Python310\;C:\Program Files\Common Files\Oracle\Java\javapath;C:\Program Files (x86)\Common Files\Oracle\Java\javapath;C:\Program Files\Eclipse Adoptium\jdk-11.0.15.10-hotspot\bin;C:\Program Files\Eclipse Adoptium\jdk-17.0.3.7-hotspot\bin;C:\Program Files\Eclipse Adoptium\jdk-8.0.332.9-hotspot\bin;C:\Windows\system32;C:\Windows;C:\Windows\System32\Wbem;C:\Windows\System32\WindowsPowerShell\v1.0\;C:\Windows\System32\OpenSSH\;C:\Program Files\Git\cmd;C:\Program Files\nodejs\;C:\ProgramData\chocolatey\bin;C:\xampp\php;C:\composer;C:\Program Files\Docker\Docker\resources\bin;C:\Users\marcos.vcrosa\AppData\Local\Microsoft\WindowsApps;C:\Users\marcos.vcrosa\AppData\Local\GitHubDesktop\bin;C:\Users\marcos.vcrosa\AppData\Local\Programs\Microsoft VS Code\bin;.]
01-Sep-2023 11:00:36.073 INFO [main] org.apache.coyote.AbstractProtocol.init Initializing ProtocolHandler ["http-nio-8080"]
01-Sep-2023 11:00:36.159 INFO [main] org.apache.catalina.startup.Catalina.load Initialization processed in 1582 ms
01-Sep-2023 11:00:36.316 INFO [main] org.apache.catalina.core.StandardService.startInternal Starting service [Catalina]
01-Sep-2023 11:00:36.317 INFO [main] org.apache.catalina.core.StandardEngine.startInternal Starting Servlet engine: [Apache Tomcat/8.5.91]
01-Sep-2023 11:00:36.416 INFO [localhost-startStop-1] org.apache.catalina.startup.HostConfig.deployDescriptor Deploying deployment descriptor [C:\Users\marcos.vcrosa\Documents\GitHub\ArquiteturaSistemas\apache-tomcat-8.5.91\apache-tomcat-8.5.91\conf\Catalina\localhost\WebApplication1.xml]
01-Sep-2023 11:00:40.026 INFO [localhost-startStop-1] org.apache.jasper.servlet.TldScanner.scanJars At least one JAR was scanned for TLDs yet contained no TLDs. Enable debug logging for this logger for a complete list of JARs that were scanned but no TLDs were found in them. Skipping unneeded JARs during scanning can improve startup time and JSP compilation time.
01-Sep-2023 11:00:40.168 INFO [localhost-startStop-1] org.apache.catalina.startup.HostConfig.deployDescriptor Deployment of deployment descriptor [C:\Users\marcos.vcrosa\Documents\GitHub\ArquiteturaSistemas\apache-tomcat-8.5.91\apache-tomcat-8.5.91\conf\Catalina\localhost\WebApplication1.xml] has finished in [3,752] ms
01-Sep-2023 11:00:40.170 INFO [localhost-startStop-1] org.apache.catalina.startup.HostConfig.deployDirectory Deploying web application directory [C:\Users\marcos.vcrosa\Documents\GitHub\ArquiteturaSistemas\apache-tomcat-8.5.91\apache-tomcat-8.5.91\webapps\docs]
01-Sep-2023 11:00:40.336 INFO [localhost-startStop-1] org.apache.catalina.startup.HostConfig.deployDirectory Deployment of web application directory [C:\Users\marcos.vcrosa\Documents\GitHub\ArquiteturaSistemas\apache-tomcat-8.5.91\apache-tomcat-8.5.91\webapps\docs] has finished in [166] ms
01-Sep-2023 11:00:40.336 INFO [localhost-startStop-1] org.apache.catalina.startup.HostConfig.deployDirectory Deploying web application directory [C:\Users\marcos.vcrosa\Documents\GitHub\ArquiteturaSistemas\apache-tomcat-8.5.91\apache-tomcat-8.5.91\webapps\examples]
01-Sep-2023 11:00:42.055 INFO [localhost-startStop-1] org.apache.catalina.startup.HostConfig.deployDirectory Deployment of web application directory [C:\Users\marcos.vcrosa\Documents\GitHub\ArquiteturaSistemas\apache-tomcat-8.5.91\apache-tomcat-8.5.91\webapps\examples] has finished in [1,719] ms
01-Sep-2023 11:00:42.055 INFO [localhost-startStop-1] org.apache.catalina.startup.HostConfig.deployDirectory Deploying web application directory [C:\Users\marcos.vcrosa\Documents\GitHub\ArquiteturaSistemas\apache-tomcat-8.5.91\apache-tomcat-8.5.91\webapps\host-manager]
01-Sep-2023 11:00:42.209 INFO [localhost-startStop-1] org.apache.catalina.startup.HostConfig.deployDirectory Deployment of web application directory [C:\Users\marcos.vcrosa\Documents\GitHub\ArquiteturaSistemas\apache-tomcat-8.5.91\apache-tomcat-8.5.91\webapps\host-manager] has finished in [154] ms
01-Sep-2023 11:00:42.209 INFO [localhost-startStop-1] org.apache.catalina.startup.HostConfig.deployDirectory Deploying web application directory [C:\Users\marcos.vcrosa\Documents\GitHub\ArquiteturaSistemas\apache-tomcat-8.5.91\apache-tomcat-8.5.91\webapps\manager]
01-Sep-2023 11:00:42.332 INFO [localhost-startStop-1] org.apache.catalina.startup.HostConfig.deployDirectory Deployment of web application directory [C:\Users\marcos.vcrosa\Documents\GitHub\ArquiteturaSistemas\apache-tomcat-8.5.91\apache-tomcat-8.5.91\webapps\manager] has finished in [123] ms
01-Sep-2023 11:00:42.332 INFO [localhost-startStop-1] org.apache.catalina.startup.HostConfig.deployDirectory Deploying web application directory [C:\Users\marcos.vcrosa\Documents\GitHub\ArquiteturaSistemas\apache-tomcat-8.5.91\apache-tomcat-8.5.91\webapps\ROOT]
01-Sep-2023 11:00:42.408 INFO [localhost-startStop-1] org.apache.catalina.startup.HostConfig.deployDirectory Deployment of web application directory [C:\Users\marcos.vcrosa\Documents\GitHub\ArquiteturaSistemas\apache-tomcat-8.5.91\apache-tomcat-8.5.91\webapps\ROOT] has finished in [76] ms
01-Sep-2023 11:00:42.410 INFO [main] org.apache.coyote.AbstractProtocol.start Starting ProtocolHandler ["http-nio-8080"]
01-Sep-2023 11:00:42.503 INFO [main] org.apache.catalina.startup.Catalina.start Server startup in 6342 ms
01-Sep-2023 11:00:45.448 INFO [http-nio-8080-exec-2] org.apache.catalina.startup.HostConfig.undeploy Undeploying context [/WebApplication1]
01-Sep-2023 11:00:45.490 INFO [http-nio-8080-exec-9] org.apache.catalina.startup.HostConfig.deployDescriptor Deploying deployment descriptor [C:\Users\marcos.vcrosa\Documents\GitHub\ArquiteturaSistemas\apache-tomcat-8.5.91\apache-tomcat-8.5.91\conf\Catalina\localhost\WebApplication1.xml]
01-Sep-2023 11:00:47.663 INFO [http-nio-8080-exec-9] org.apache.jasper.servlet.TldScanner.scanJars At least one JAR was scanned for TLDs yet contained no TLDs. Enable debug logging for this logger for a complete list of JARs that were scanned but no TLDs were found in them. Skipping unneeded JARs during scanning can improve startup time and JSP compilation time.
01-Sep-2023 11:00:47.669 INFO [http-nio-8080-exec-9] org.apache.catalina.startup.HostConfig.deployDescriptor Deployment of deployment descriptor [C:\Users\marcos.vcrosa\Documents\GitHub\ArquiteturaSistemas\apache-tomcat-8.5.91\apache-tomcat-8.5.91\conf\Catalina\localhost\WebApplication1.xml] has finished in [2,178] ms
01-Sep-2023 11:00:47.673 INFO [http-nio-8080-exec-3] org.apache.catalina.util.LifecycleBase.start The start() method was called on component [StandardEngine[Catalina].StandardHost[localhost].StandardContext[/WebApplication1]] after start() had already been called. The second call will be ignored.
01-Sep-2023 11:02:24.718 INFO [main] org.apache.catalina.core.StandardServer.await A valid shutdown command was received via the shutdown port. Stopping the Server instance.
01-Sep-2023 11:02:24.719 INFO [main] org.apache.coyote.AbstractProtocol.pause Pausing ProtocolHandler ["http-nio-8080"]
01-Sep-2023 11:02:24.736 INFO [main] org.apache.catalina.core.StandardService.stopInternal Stopping service [Catalina]
01-Sep-2023 11:02:24.786 INFO [main] org.apache.coyote.AbstractProtocol.stop Stopping ProtocolHandler ["http-nio-8080"]
01-Sep-2023 11:02:24.800 INFO [main] org.apache.coyote.AbstractProtocol.destroy Destroying ProtocolHandler ["http-nio-8080"]
